#
# A fatal error has been detected by the Java Runtime Environment:
#
#  EXCEPTION_ACCESS_VIOLATION (0xc0000005) at pc=0x0000000002d749a0, pid=23000, tid=0x000000000000764c
#
# JRE version: Java(TM) SE Runtime Environment (8.0_202-b08) (build 1.8.0_202-b08)
# Java VM: Java HotSpot(TM) 64-Bit Server VM (25.202-b08 mixed mode windows-amd64 compressed oops)
# Problematic frame:
# j  edu.iastate.cs228.hw3.ExamYerrrr.main([Ljava/lang/String;)V+4
#
# Failed to write core dump. Minidumps are not enabled by default on client versions of Windows
#
# If you would like to submit a bug report, please visit:
#   http://bugreport.java.com/bugreport/crash.jsp
#

---------------  T H R E A D  ---------------

Current thread (0x0000000002c42800):  JavaThread "main" [_thread_in_Java, id=30284, stack(0x00000000029d0000,0x0000000002ad0000)]

siginfo: ExceptionCode=0xc0000005, reading address 0x0000000016fe16a0

Registers:
RAX=0x0000000000000004, RBX=0x00000000000000b8, RCX=0x0000000016e7d510, RDX=0x000000000002c830
RSP=0x0000000002acf320, RBP=0x0000000002acf370, RSI=0x0000000002c42800, RDI=0x00000000ffffffff
R8 =0x0000000000000004, R9 =0x00000000dae00c78, R10=0x000000005b83e6f0, R11=0x00000000010c7a20
R12=0x0000000000000000, R13=0x0000000016e7cb9c, R14=0x0000000002acf380, R15=0x0000000002c42800
RIP=0x0000000002d749a0, EFLAGS=0x0000000000010216

Top of Stack: (sp=0x0000000002acf320)
0x0000000002acf320:   0000000000000004 00000000dae12de8
0x0000000002acf330:   0000000002acf330 0000000016e7cb9c
0x0000000002acf340:   0000000002acf380 0000000016e7d510
0x0000000002acf350:   0000000000000000 0000000016e7cbb8
0x0000000002acf360:   0000000000000000 0000000002acf380
0x0000000002acf370:   0000000002acf460 0000000002d408da
0x0000000002acf380:   00000000db3688e0 cafebabecafebabe
0x0000000002acf390:   cafebabecafebabe 0000000000000000
0x0000000002acf3a0:   0000000000000000 0000000000000000
0x0000000002acf3b0:   0000000000000000 0000000000000000
0x0000000002acf3c0:   0000000000000000 0000000000000000
0x0000000002acf3d0:   0000000000000000 0000000000000000
0x0000000002acf3e0:   0000000000000000 0000000000000000
0x0000000002acf3f0:   0000000000000000 cafebabecafebabe
0x0000000002acf400:   cafebabecafebabe cafebabecafebabe
0x0000000002acf410:   cafebabecafebabe 0000000000000000 

Instructions: (pc=0x0000000002d749a0)
0x0000000002d74980:   00 00 48 83 ec 10 48 89 04 24 e9 01 00 00 00 50
0x0000000002d74990:   4c 89 6d c8 41 0f b7 55 01 48 8b 4d d8 c1 e2 02
0x0000000002d749a0:   8b 5c d1 10 c1 eb 10 81 e3 ff 00 00 00 81 fb b8
0x0000000002d749b0:   00 00 00 0f 84 51 01 00 00 bb b8 00 00 00 e8 05 


Register to memory mapping:

RAX=0x0000000000000004 is an unknown value
RBX=0x00000000000000b8 is an unknown value
RCX=0x0000000016e7d510 is pointing into metadata
RDX=0x000000000002c830 is an unknown value
RSP=0x0000000002acf320 is pointing into the stack for thread: 0x0000000002c42800
RBP=0x0000000002acf370 is pointing into the stack for thread: 0x0000000002c42800
RSI=0x0000000002c42800 is a thread
RDI=0x00000000ffffffff is an unallocated location in the heap
R8 =0x0000000000000004 is an unknown value
R9 =0x00000000dae00c78 is an oop
java.lang.Class 
 - klass: 'java/lang/Class'
R10=0x000000005b83e6f0 is an unknown value
R11=0x00000000010c7a20 is an unknown value
R12=0x0000000000000000 is an unknown value
R13=0x0000000016e7cb9c is pointing into metadata
R14=0x0000000002acf380 is pointing into the stack for thread: 0x0000000002c42800
R15=0x0000000002c42800 is a thread


Stack: [0x00000000029d0000,0x0000000002ad0000],  sp=0x0000000002acf320,  free space=1020k
Native frames: (J=compiled Java code, j=interpreted, Vv=VM code, C=native code)
C  0x0000000002d749a0


---------------  P R O C E S S  ---------------

Java Threads: ( => current thread )
  0x00000000194af800 JavaThread "Service Thread" daemon [_thread_blocked, id=25300, stack(0x000000001a540000,0x000000001a640000)]
  0x0000000019413000 JavaThread "C1 CompilerThread3" daemon [_thread_blocked, id=27368, stack(0x000000001a440000,0x000000001a540000)]
  0x0000000019410000 JavaThread "C2 CompilerThread2" daemon [_thread_blocked, id=15276, stack(0x000000001a340000,0x000000001a440000)]
  0x0000000019420000 JavaThread "C2 CompilerThread1" daemon [_thread_blocked, id=26660, stack(0x000000001a240000,0x000000001a340000)]
  0x000000001941f800 JavaThread "C2 CompilerThread0" daemon [_thread_blocked, id=19824, stack(0x000000001a140000,0x000000001a240000)]
  0x0000000019341800 JavaThread "JDWP Event Helper Thread" daemon [_thread_blocked, id=20648, stack(0x0000000019f40000,0x000000001a040000)]
  0x000000001932b000 JavaThread "Attach Listener" daemon [_thread_blocked, id=12224, stack(0x0000000019a00000,0x0000000019b00000)]
  0x000000001743e000 JavaThread "Signal Dispatcher" daemon [_thread_blocked, id=16136, stack(0x0000000019900000,0x0000000019a00000)]
  0x0000000019320800 JavaThread "Finalizer" daemon [_thread_blocked, id=8224, stack(0x0000000019700000,0x0000000019800000)]
  0x000000001742d800 JavaThread "Reference Handler" daemon [_thread_blocked, id=25848, stack(0x0000000019200000,0x0000000019300000)]
=>0x0000000002c42800 JavaThread "main" [_thread_in_Java, id=30284, stack(0x00000000029d0000,0x0000000002ad0000)]

Other Threads:
  0x0000000017429000 VMThread [stack: 0x0000000019100000,0x0000000019200000] [id=4616]
  0x0000000019550800 WatcherThread [stack: 0x000000001a640000,0x000000001a740000] [id=29984]

VM state:not at safepoint (normal execution)

VM Mutex/Monitor currently owned by a thread: None

heap address: 0x0000000090a00000, size: 1782 MB, Compressed Oops mode: 32-bit
Narrow klass base: 0x0000000000000000, Narrow klass shift: 3
Compressed class space size: 1073741824 Address: 0x0000000100000000

Heap:
 PSYoungGen      total 33280K, used 7476K [0x00000000dae00000, 0x00000000dd300000, 0x0000000100000000)
  eden space 28672K, 26% used [0x00000000dae00000,0x00000000db54d300,0x00000000dca00000)
  from space 4608K, 0% used [0x00000000dce80000,0x00000000dce80000,0x00000000dd300000)
  to   space 4608K, 0% used [0x00000000dca00000,0x00000000dca00000,0x00000000dce80000)
 ParOldGen       total 76800K, used 0K [0x0000000090a00000, 0x0000000095500000, 0x00000000dae00000)
  object space 76800K, 0% used [0x0000000090a00000,0x0000000090a00000,0x0000000095500000)
 Metaspace       used 5256K, capacity 5474K, committed 5760K, reserved 1056768K
  class space    used 537K, capacity 593K, committed 640K, reserved 1048576K

Card table byte_map: [0x0000000012100000,0x0000000012480000] byte_map_base: 0x0000000011c7b000

Marking Bits: (ParMarkBitMap*) 0x000000005b855ce0
 Begin Bits: [0x0000000012ee0000, 0x0000000014ab8000)
 End Bits:   [0x0000000014ab8000, 0x0000000016690000)

Polling page: 0x00000000009f0000

CodeCache: size=245760Kb used=1806Kb max_used=1806Kb free=243953Kb
 bounds [0x0000000002d40000, 0x0000000002fb0000, 0x0000000011d40000]
 total_blobs=476 nmethods=194 adapters=204
 compilation: enabled

Compilation events (10 events):
Event: 4154.684 Thread 0x0000000019413000  194       3       org.eclipse.jdt.launching.internal.org.objectweb.asm.MethodWriter::putMethodInfo (1431 bytes)
Event: 4154.697 Thread 0x0000000019413000 nmethod 194 0x0000000002ef9d90 code [0x0000000002efa500, 0x0000000002efe0e8]
Event: 4154.697 Thread 0x0000000019413000  192       3       org.eclipse.jdt.launching.internal.org.objectweb.asm.MethodWriter::visitEnd (1 bytes)
Event: 4154.698 Thread 0x0000000019413000 nmethod 192 0x0000000002ef2550 code [0x0000000002ef26a0, 0x0000000002ef27f0]
Event: 4154.698 Thread 0x0000000019413000  193       3       org.eclipse.jdt.launching.internal.org.objectweb.asm.MethodWriter::computeMethodInfoSize (704 bytes)
Event: 4154.701 Thread 0x0000000019413000 nmethod 193 0x0000000002f00790 code [0x0000000002f00b00, 0x0000000002f029b8]
Event: 4154.701 Thread 0x0000000019413000  195       3       org.eclipse.jdt.launching.internal.org.objectweb.asm.Handler::putExceptionTable (63 bytes)
Event: 4154.702 Thread 0x0000000019413000 nmethod 195 0x0000000002f03450 code [0x0000000002f03620, 0x0000000002f03ae8]
Event: 4173.383 Thread 0x0000000019413000  196       3       org.eclipse.jdt.launching.internal.org.objectweb.asm.MethodWriter::visitTypeInsn (116 bytes)
Event: 4173.384 Thread 0x0000000019413000 nmethod 196 0x0000000002f03e90 code [0x0000000002f04040, 0x0000000002f04608]

GC Heap History (0 events):
No events

Deoptimization events (0 events):
No events

Classes redefined (10 events):
Event: 3632.451 Thread 0x0000000017429000 redefined class name=edu.iastate.cs228.hw3.ExamYerrrr, count=32
Event: 3661.994 Thread 0x0000000017429000 redefined class name=edu.iastate.cs228.hw3.ExamYerrrr, count=33
Event: 3926.446 Thread 0x0000000017429000 redefined class name=edu.iastate.cs228.hw3.ExamYerrrr, count=34
Event: 3934.654 Thread 0x0000000017429000 redefined class name=edu.iastate.cs228.hw3.ExamYerrrr, count=35
Event: 4051.172 Thread 0x0000000017429000 redefined class name=edu.iastate.cs228.hw3.ExamYerrrr, count=36
Event: 4126.838 Thread 0x0000000017429000 redefined class name=edu.iastate.cs228.hw3.ExamYerrrr, count=37
Event: 4144.030 Thread 0x0000000017429000 redefined class name=edu.iastate.cs228.hw3.ExamYerrrr, count=38
Event: 4154.688 Thread 0x0000000017429000 redefined class name=edu.iastate.cs228.hw3.ExamYerrrr, count=39
Event: 4162.568 Thread 0x0000000017429000 redefined class name=edu.iastate.cs228.hw3.ExamYerrrr, count=40
Event: 4173.386 Thread 0x0000000017429000 redefined class name=edu.iastate.cs228.hw3.ExamYerrrr, count=41

Internal exceptions (2 events):
Event: 0.047 Thread 0x0000000002c42800 Exception <a 'java/lang/NoSuchMethodError': Method sun.misc.Unsafe.defineClass(Ljava/lang/String;[BII)Ljava/lang/Class; name or signature does not match> (0x00000000dae07cb0) thrown at [C:\re\workspace\8-2-build-windows-amd64-cygwin\jdk8u202\12323\hotspot
Event: 0.047 Thread 0x0000000002c42800 Exception <a 'java/lang/NoSuchMethodError': Method sun.misc.Unsafe.prefetchRead(Ljava/lang/Object;J)V name or signature does not match> (0x00000000dae07f98) thrown at [C:\re\workspace\8-2-build-windows-amd64-cygwin\jdk8u202\12323\hotspot\src\share\vm\prim

Events (10 events):
Event: 4173.472 Executing VM operation: GetOwnedMonitorInfo
Event: 4173.472 Executing VM operation: GetOwnedMonitorInfo done
Event: 4173.472 Executing VM operation: GetCurrentContendedMonitor
Event: 4173.472 Executing VM operation: GetCurrentContendedMonitor done
Event: 152965.756 Executing VM operation: ChangeBreakpoints
Event: 152965.759 Executing VM operation: ChangeBreakpoints done
Event: 152965.763 Thread 0x0000000019344800 Thread exited: 0x0000000019344800
Event: 152965.764 Executing VM operation: ChangeBreakpoints
Event: 152965.764 Executing VM operation: ChangeBreakpoints done
Event: 152965.771 Thread 0x0000000019337000 Thread exited: 0x0000000019337000


Dynamic libraries:
0x00007ff626900000 - 0x00007ff626937000 	C:\Program Files\Java\jre1.8.0_202\bin\javaw.exe
0x00007ffb69a40000 - 0x00007ffb69c30000 	C:\WINDOWS\SYSTEM32\ntdll.dll
0x00007ffb68000000 - 0x00007ffb680b2000 	C:\WINDOWS\System32\KERNEL32.DLL
0x00007ffb67840000 - 0x00007ffb67ae3000 	C:\WINDOWS\System32\KERNELBASE.dll
0x00007ffb69140000 - 0x00007ffb691e3000 	C:\WINDOWS\System32\ADVAPI32.dll
0x00007ffb69570000 - 0x00007ffb6960e000 	C:\WINDOWS\System32\msvcrt.dll
0x00007ffb67f60000 - 0x00007ffb67ff7000 	C:\WINDOWS\System32\sechost.dll
0x00007ffb67af0000 - 0x00007ffb67c10000 	C:\WINDOWS\System32\RPCRT4.dll
0x00007ffb69860000 - 0x00007ffb699f4000 	C:\WINDOWS\System32\USER32.dll
0x00007ffb673d0000 - 0x00007ffb673f1000 	C:\WINDOWS\System32\win32u.dll
0x00007ffb697b0000 - 0x00007ffb697d6000 	C:\WINDOWS\System32\GDI32.dll
0x00007ffb676a0000 - 0x00007ffb67834000 	C:\WINDOWS\System32\gdi32full.dll
0x00007ffb669d0000 - 0x00007ffb66a6e000 	C:\WINDOWS\System32\msvcp_win.dll
0x00007ffb67400000 - 0x00007ffb674fa000 	C:\WINDOWS\System32\ucrtbase.dll
0x00007ffb4f1b0000 - 0x00007ffb4f435000 	C:\WINDOWS\WinSxS\amd64_microsoft.windows.common-controls_6595b64144ccf1df_6.0.18362.778_none_e6c6b761130d4fb8\COMCTL32.dll
0x00007ffb67c10000 - 0x00007ffb67f46000 	C:\WINDOWS\System32\combase.dll
0x00007ffb66b20000 - 0x00007ffb66ba0000 	C:\WINDOWS\System32\bcryptPrimitives.dll
0x00007ffb68530000 - 0x00007ffb6855e000 	C:\WINDOWS\System32\IMM32.DLL
0x000000005af50000 - 0x000000005b022000 	C:\Program Files\Java\jre1.8.0_202\bin\msvcr100.dll
0x000000005b030000 - 0x000000005b8d5000 	C:\Program Files\Java\jre1.8.0_202\bin\server\jvm.dll
0x00007ffb67f50000 - 0x00007ffb67f58000 	C:\WINDOWS\System32\PSAPI.DLL
0x00007ffb62e60000 - 0x00007ffb62e69000 	C:\WINDOWS\SYSTEM32\WSOCK32.dll
0x00007ffb642c0000 - 0x00007ffb642e4000 	C:\WINDOWS\SYSTEM32\WINMM.dll
0x00007ffb65a70000 - 0x00007ffb65a7a000 	C:\WINDOWS\SYSTEM32\VERSION.dll
0x00007ffb69260000 - 0x00007ffb692cf000 	C:\WINDOWS\System32\WS2_32.dll
0x00007ffb63f20000 - 0x00007ffb63f4d000 	C:\WINDOWS\SYSTEM32\winmmbase.dll
0x00007ffb67650000 - 0x00007ffb6769a000 	C:\WINDOWS\System32\cfgmgr32.dll
0x00007ffb55c20000 - 0x00007ffb55c2f000 	C:\Program Files\Java\jre1.8.0_202\bin\verify.dll
0x00007ffb2dc30000 - 0x00007ffb2dc59000 	C:\Program Files\Java\jre1.8.0_202\bin\java.dll
0x00007ffb315b0000 - 0x00007ffb315e5000 	C:\Program Files\Java\jre1.8.0_202\bin\jdwp.dll
0x00007ffb55c00000 - 0x00007ffb55c08000 	C:\Program Files\Java\jre1.8.0_202\bin\npt.dll
0x00007ffb35e50000 - 0x00007ffb35e73000 	C:\Program Files\Java\jre1.8.0_202\bin\instrument.dll
0x00007ffb54b30000 - 0x00007ffb54b46000 	C:\Program Files\Java\jre1.8.0_202\bin\zip.dll
0x00007ffb68710000 - 0x00007ffb68df5000 	C:\WINDOWS\System32\SHELL32.dll
0x00007ffb68e00000 - 0x00007ffb68ea9000 	C:\WINDOWS\System32\shcore.dll
0x00007ffb66c50000 - 0x00007ffb673d0000 	C:\WINDOWS\System32\windows.storage.dll
0x00007ffb66930000 - 0x00007ffb66953000 	C:\WINDOWS\System32\profapi.dll
0x00007ffb66980000 - 0x00007ffb669ca000 	C:\WINDOWS\System32\powrprof.dll
0x00007ffb66900000 - 0x00007ffb66910000 	C:\WINDOWS\System32\UMPDC.dll
0x00007ffb69030000 - 0x00007ffb69082000 	C:\WINDOWS\System32\shlwapi.dll
0x00007ffb66960000 - 0x00007ffb66971000 	C:\WINDOWS\System32\kernel.appcore.dll
0x00007ffb66ba0000 - 0x00007ffb66bb7000 	C:\WINDOWS\System32\cryptsp.dll
0x00007ffb50030000 - 0x00007ffb50039000 	C:\Program Files\Java\jre1.8.0_202\bin\dt_socket.dll
0x00007ffb41940000 - 0x00007ffb41956000 	C:\WINDOWS\system32\napinsp.dll
0x00007ffb41920000 - 0x00007ffb4193a000 	C:\WINDOWS\system32\pnrpnsp.dll
0x00007ffb66110000 - 0x00007ffb66177000 	C:\WINDOWS\System32\mswsock.dll
0x00007ffb65e60000 - 0x00007ffb65f2a000 	C:\WINDOWS\SYSTEM32\DNSAPI.dll
0x00007ffb69250000 - 0x00007ffb69258000 	C:\WINDOWS\System32\NSI.dll
0x00007ffb65e20000 - 0x00007ffb65e5a000 	C:\WINDOWS\SYSTEM32\IPHLPAPI.DLL
0x00007ffb41910000 - 0x00007ffb4191e000 	C:\WINDOWS\System32\winrnr.dll
0x00007ffb62c90000 - 0x00007ffb62cac000 	C:\WINDOWS\system32\NLAapi.dll
0x00007ffb61b60000 - 0x00007ffb61b75000 	C:\WINDOWS\system32\wshbth.dll
0x00007ffb5ccf0000 - 0x00007ffb5cd67000 	C:\WINDOWS\System32\fwpuclnt.dll
0x00007ffb66c20000 - 0x00007ffb66c46000 	C:\WINDOWS\System32\bcrypt.dll
0x00007ffb51b30000 - 0x00007ffb51b3a000 	C:\Windows\System32\rasadhlp.dll
0x00007ffb65080000 - 0x00007ffb65274000 	C:\WINDOWS\SYSTEM32\dbghelp.dll

VM Arguments:
jvm_args: -agentlib:jdwp=transport=dt_socket,suspend=y,address=localhost:52788 -javaagent:C:\Users\chimz\Desktop\eclipse-java-2018-12-R-win32-x86_64\eclipse\configuration\org.eclipse.osgi\221\0\.cp\lib\javaagent-shaded.jar -Dfile.encoding=Cp1252 
java_command: edu.iastate.cs228.hw3.ExamYerrrr
java_class_path (initial): C:\Users\chimz\Desktop\Com S 228\project3\bin;C:\Users\chimz\Desktop\eclipse-java-2018-12-R-win32-x86_64\eclipse\configuration\org.eclipse.osgi\221\0\.cp\lib\javaagent-shaded.jar
Launcher Type: SUN_STANDARD

Environment Variables:
PATH=C:/Program Files/Java/jre1.8.0_202/bin/server;C:/Program Files/Java/jre1.8.0_202/bin;C:/Program Files/Java/jre1.8.0_202/lib/amd64;C:\Program Files (x86)\Common Files\Oracle\Java\javapath;C:\WINDOWS\system32;C:\WINDOWS;C:\WINDOWS\System32\Wbem;C:\WINDOWS\System32\WindowsPowerShell\v1.0\;C:\WINDOWS\System32\OpenSSH\;C:\Users\chimz\AppData\Local\Programs\Python\Python37\Scripts\;C:\Users\chimz\AppData\Local\Programs\Python\Python37\;C:\Users\chimz\AppData\Local\Microsoft\WindowsApps;;C:\Users\chimz\AppData\Local\Programs\Microsoft VS Code\bin;C:\Users\chimz\Desktop\eclipse-java-2018-12-R-win32-x86_64\eclipse;
USERNAME=chimz
OS=Windows_NT
PROCESSOR_IDENTIFIER=AMD64 Family 23 Model 17 Stepping 0, AuthenticAMD



---------------  S Y S T E M  ---------------

OS: Windows 10.0 , 64 bit Build 18362 (10.0.18362.778)

CPU:total 8 (initial active 8) (8 cores per cpu, 1 threads per core) family 23 model 17 stepping 0, cmov, cx8, fxsr, mmx, sse, sse2, sse3, ssse3, sse4.1, sse4.2, popcnt, avx, avx2, aes, clmul, mmxext, 3dnowpref, lzcnt, sse4a, tsc, tscinvbit, tscinv, bmi1

Memory: 4k page, physical 7294768k(1029040k free), swap 19827560k(6320484k free)

vm_info: Java HotSpot(TM) 64-Bit Server VM (25.202-b08) for windows-amd64 JRE (1.8.0_202-b08), built on Dec 15 2018 19:54:30 by "java_re" with MS VC++ 10.0 (VS2010)

time: Thu May 07 17:00:49 2020
timezone: Central Daylight Time
elapsed time: 152965 seconds (1d 18h 29m 25s)

